INFO:2019-12-22 15:05:16,153:127.0.0.1 - - [22/Dec/2019 15:05:16] "GET / HTTP/1.1" 404 -
INFO:2019-12-22 15:05:31,267: * Detected change in '/Users/sammymurray/DevWork/FullStackUdacity/Trivia/backend/flaskr/__init__.py', reloading
INFO:2019-12-22 15:05:32,681:127.0.0.1 - - [22/Dec/2019 15:05:32] "GET / HTTP/1.1" 404 -
INFO:2019-12-22 15:06:09,897: * Detected change in '/Users/sammymurray/DevWork/FullStackUdacity/Trivia/backend/flaskr/__init__.py', reloading
INFO:2019-12-22 15:06:13,670: * Detected change in '/Users/sammymurray/DevWork/FullStackUdacity/Trivia/backend/flaskr/__init__.py', reloading
INFO:2019-12-22 15:06:35,445:127.0.0.1 - - [22/Dec/2019 15:06:35] "GET / HTTP/1.1" 404 -
INFO:2019-12-22 15:06:35,737: * Detected change in '/Users/sammymurray/DevWork/FullStackUdacity/Trivia/backend/flaskr/__init__.py', reloading
INFO:2019-12-22 15:10:23,663: * Detected change in '/Users/sammymurray/DevWork/FullStackUdacity/Trivia/backend/flaskr/__init__.py', reloading
2019-12-22 15:17:19,330 INFO: test logging [in /Users/sammymurray/DevWork/FullStackUdacity/Trivia/backend/flaskr/__init__.py:25]
2019-12-22 15:17:20,525 INFO: test logging [in /Users/sammymurray/DevWork/FullStackUdacity/Trivia/backend/flaskr/__init__.py:25]
2019-12-22 15:19:02,085 INFO: test logging [in /Users/sammymurray/DevWork/FullStackUdacity/Trivia/backend/flaskr/__init__.py:25]
2019-12-22 15:24:59,732 INFO: test logging [in /Users/sammymurray/DevWork/FullStackUdacity/Trivia/backend/flaskr/__init__.py:25]
2019-12-22 15:51:57,673 INFO: test logging [in /Users/sammymurray/DevWork/FullStackUdacity/Trivia/backend/flaskr/__init__.py:25]
2019-12-22 15:55:18,104 INFO: test logging [in /Users/sammymurray/DevWork/FullStackUdacity/Trivia/backend/flaskr/__init__.py:25]
2019-12-22 15:56:42,377 INFO: test logging [in /Users/sammymurray/DevWork/FullStackUdacity/Trivia/backend/flaskr/__init__.py:25]
2019-12-22 15:57:22,751 INFO: test logging [in /Users/sammymurray/DevWork/FullStackUdacity/Trivia/backend/flaskr/__init__.py:25]
2019-12-22 15:57:32,621 INFO: test logging [in /Users/sammymurray/DevWork/FullStackUdacity/Trivia/backend/flaskr/__init__.py:25]
2019-12-22 16:12:45,635 INFO: test logging [in /Users/sammymurray/DevWork/FullStackUdacity/Trivia/backend/flaskr/__init__.py:25]
2019-12-22 16:12:57,566 INFO: test logging [in /Users/sammymurray/DevWork/FullStackUdacity/Trivia/backend/flaskr/__init__.py:25]
2019-12-22 16:13:40,083 INFO: test logging [in /Users/sammymurray/DevWork/FullStackUdacity/Trivia/backend/flaskr/__init__.py:25]
2019-12-22 16:16:54,327 INFO: test logging [in /Users/sammymurray/DevWork/FullStackUdacity/Trivia/backend/flaskr/__init__.py:25]
2019-12-22 16:17:20,506 INFO: -----------------Starting Test--------------------- [in /Users/sammymurray/DevWork/FullStackUdacity/Trivia/backend/flaskr/__init__.py:25]
2019-12-22 16:17:48,678 INFO: -----------------Starting Test--------------------- [in /Users/sammymurray/DevWork/FullStackUdacity/Trivia/backend/flaskr/__init__.py:25]
2019-12-22 16:19:53,577 INFO: -----------------Starting Test--------------------- [in /Users/sammymurray/DevWork/FullStackUdacity/Trivia/backend/flaskr/__init__.py:25]
2019-12-22 16:19:54,251 INFO: [<Category 1>, <Category 2>, <Category 3>, <Category 4>, <Category 5>, <Category 6>] [in /Users/sammymurray/DevWork/FullStackUdacity/Trivia/backend/flaskr/__init__.py:53]
2019-12-22 16:19:54,251 INFO: [{'id': 1, 'type': 'Science'}, {'id': 2, 'type': 'Art'}, {'id': 3, 'type': 'Geography'}, {'id': 4, 'type': 'History'}, {'id': 5, 'type': 'Entertainment'}, {'id': 6, 'type': 'Sports'}] [in /Users/sammymurray/DevWork/FullStackUdacity/Trivia/backend/flaskr/__init__.py:54]
2019-12-22 17:30:15,338 INFO: [<Category 1>, <Category 2>, <Category 3>, <Category 4>, <Category 5>, <Category 6>] [in /Users/sammymurray/DevWork/FullStackUdacity/Trivia/backend/flaskr/__init__.py:53]
2019-12-22 17:30:15,339 INFO: [{'id': 1, 'type': 'Science'}, {'id': 2, 'type': 'Art'}, {'id': 3, 'type': 'Geography'}, {'id': 4, 'type': 'History'}, {'id': 5, 'type': 'Entertainment'}, {'id': 6, 'type': 'Sports'}] [in /Users/sammymurray/DevWork/FullStackUdacity/Trivia/backend/flaskr/__init__.py:54]
2019-12-22 17:50:01,843 INFO: -----------------Starting Test--------------------- [in /Users/sammymurray/DevWork/FullStackUdacity/Trivia/backend/flaskr/__init__.py:25]
2019-12-22 17:51:32,128 INFO: -----------------Starting Test--------------------- [in /Users/sammymurray/DevWork/FullStackUdacity/Trivia/backend/flaskr/__init__.py:25]
2019-12-22 17:51:54,254 INFO: -----------------Starting Test--------------------- [in /Users/sammymurray/DevWork/FullStackUdacity/Trivia/backend/flaskr/__init__.py:25]
2019-12-22 18:01:18,713 INFO: -----------------Starting Test--------------------- [in /Users/sammymurray/DevWork/FullStackUdacity/Trivia/backend/flaskr/__init__.py:25]
2019-12-22 18:07:27,293 INFO: -----------------Starting Test--------------------- [in /Users/sammymurray/DevWork/FullStackUdacity/Trivia/backend/flaskr/__init__.py:25]
2019-12-22 18:09:57,672 INFO: -----------------Starting Test--------------------- [in /Users/sammymurray/DevWork/FullStackUdacity/Trivia/backend/flaskr/__init__.py:25]
2019-12-22 18:16:35,634 INFO: -----------------Starting Test--------------------- [in /Users/sammymurray/DevWork/FullStackUdacity/Trivia/backend/flaskr/__init__.py:25]
